<?xml version="1.0" encoding="UTF-8"?>
<!-- Generated by org.testng.reporters.JUnitXMLReporter -->
<testsuite ignored="0" hostname="DESKTOP-VTFEK2Q" failures="2" tests="2" name="Surefire test" time="9.161" errors="0" timestamp="2025-12-11T00:13:01 EST">
  <testcase classname="io.cucumber.testng.AbstractTestNGCucumberTests" name="runScenario" time="8.48">
    <failure type="java.lang.NumberFormatException" message="null">
      <![CDATA[java.lang.NumberFormatException: null
at java.base/java.lang.Long.parseLong(Long.java:655)
at java.base/java.lang.Long.parseLong(Long.java:817)
at driverGenerator.WebDriverGenerator.<init>(WebDriverGenerator.java:50)
at hook.Hook.beforeScenario(Hook.java:54)
]]>
    </failure>
  </testcase> <!-- runScenario -->
  <testcase classname="io.cucumber.testng.AbstractTestNGCucumberTests" name="runScenario" time="8.477">
    <failure type="java.lang.NumberFormatException" message="null">
      <![CDATA[java.lang.NumberFormatException: null
at java.base/java.lang.Long.parseLong(Long.java:655)
at java.base/java.lang.Long.parseLong(Long.java:817)
at driverGenerator.WebDriverGenerator.<init>(WebDriverGenerator.java:50)
at hook.Hook.beforeScenario(Hook.java:54)
]]>
    </failure>
  </testcase> <!-- runScenario -->
</testsuite> <!-- Surefire test -->
