<?xml version="1.0" encoding="UTF-8"?>
<testng-results ignored="0" total="2" passed="0" failed="2" skipped="0">
  <reporter-output>
  </reporter-output>
  <suite started-at="2025-12-11T00:12:52 EST" name="Surefire suite" finished-at="2025-12-11T00:13:01 EST" duration-ms="9161">
    <groups>
      <group name="cucumber">
        <method signature="AbstractTestNGCucumberTests.runScenario(io.cucumber.testng.PickleWrapper,io.cucumber.testng.FeatureWrapper)[pri:0, instance:runner.TestRunner@6d9f7a80]" name="runScenario" class="io.cucumber.testng.AbstractTestNGCucumberTests"/>
      </group> <!-- cucumber -->
    </groups>
    <test started-at="2025-12-11T00:12:52 EST" name="Surefire test" finished-at="2025-12-11T00:13:01 EST" duration-ms="9161">
      <class name="runner.TestRunner">
        <test-method is-config="true" signature="setUpClass()[pri:0, instance:runner.TestRunner@6d9f7a80]" started-at="2025-12-11T00:12:52 EST" name="setUpClass" finished-at="2025-12-11T00:12:53 EST" duration-ms="395" status="PASS">
          <reporter-output>
          </reporter-output>
        </test-method> <!-- setUpClass -->
        <test-method signature="runScenario(io.cucumber.testng.PickleWrapper,io.cucumber.testng.FeatureWrapper)[pri:0, instance:runner.TestRunner@6d9f7a80]" started-at="2025-12-11T00:12:53 EST" name="runScenario" description="Runs Cucumber Scenarios" data-provider="scenarios" finished-at="2025-12-11T00:13:01 EST" duration-ms="8480" status="FAIL">
          <params>
            <param index="0">
              <value>
                <![CDATA["Successful login with correct credential"]]>
              </value>
            </param>
            <param index="1">
              <value>
                <![CDATA["Optional[Login Feature]"]]>
              </value>
            </param>
          </params>
          <exception class="java.lang.NumberFormatException">
            <message>
              <![CDATA[null]]>
            </message>
            <full-stacktrace>
              <![CDATA[java.lang.NumberFormatException: null
at java.base/java.lang.Long.parseLong(Long.java:655)
at java.base/java.lang.Long.parseLong(Long.java:817)
at driverGenerator.WebDriverGenerator.<init>(WebDriverGenerator.java:50)
at hook.Hook.beforeScenario(Hook.java:54)
]]>
            </full-stacktrace>
          </exception> <!-- java.lang.NumberFormatException -->
          <reporter-output>
          </reporter-output>
        </test-method> <!-- runScenario -->
        <test-method signature="runScenario(io.cucumber.testng.PickleWrapper,io.cucumber.testng.FeatureWrapper)[pri:0, instance:runner.TestRunner@6d9f7a80]" started-at="2025-12-11T00:12:53 EST" name="runScenario" description="Runs Cucumber Scenarios" data-provider="scenarios" finished-at="2025-12-11T00:13:01 EST" duration-ms="8477" status="FAIL">
          <params>
            <param index="0">
              <value>
                <![CDATA["Successful login with correct credential"]]>
              </value>
            </param>
            <param index="1">
              <value>
                <![CDATA["Optional[Order Card]"]]>
              </value>
            </param>
          </params>
          <exception class="java.lang.NumberFormatException">
            <message>
              <![CDATA[null]]>
            </message>
            <full-stacktrace>
              <![CDATA[java.lang.NumberFormatException: null
at java.base/java.lang.Long.parseLong(Long.java:655)
at java.base/java.lang.Long.parseLong(Long.java:817)
at driverGenerator.WebDriverGenerator.<init>(WebDriverGenerator.java:50)
at hook.Hook.beforeScenario(Hook.java:54)
]]>
            </full-stacktrace>
          </exception> <!-- java.lang.NumberFormatException -->
          <reporter-output>
          </reporter-output>
        </test-method> <!-- runScenario -->
        <test-method is-config="true" signature="tearDownClass()[pri:0, instance:runner.TestRunner@6d9f7a80]" started-at="2025-12-11T00:13:01 EST" name="tearDownClass" finished-at="2025-12-11T00:13:01 EST" duration-ms="212" status="PASS">
          <reporter-output>
          </reporter-output>
        </test-method> <!-- tearDownClass -->
      </class> <!-- runner.TestRunner -->
    </test> <!-- Surefire test -->
  </suite> <!-- Surefire suite -->
</testng-results>
