<?xml version="1.0" encoding="UTF-8"?>
<testsuite xmlns:xsi="http://www.w3.org/2001/XMLSchema-instance" xsi:noNamespaceSchemaLocation="https://maven.apache.org/surefire/maven-surefire-plugin/xsd/surefire-test-report-3.0.xsd" version="3.0" name="runner.TestRunner" time="10.19" tests="2" errors="0" skipped="0" failures="2">
  <properties>
[...]
</properties>
  <testcase name="runScenario[&quot;Successful login with correct credential&quot;, &quot;Optional[Login Feature]&quot;](2)" classname="runner.TestRunner" time="8.495">
    <failure message="null" type="java.lang.NumberFormatException"><![CDATA[java.lang.NumberFormatException: null
	at java.base/java.lang.Long.parseLong(Long.java:655)
	at java.base/java.lang.Long.parseLong(Long.java:817)
	at driverGenerator.WebDriverGenerator.<init>(WebDriverGenerator.java:50)
	at hook.Hook.beforeScenario(Hook.java:54)
]]></failure>
    <system-out><![CDATA[
@regression
Scenario Outline: Successful login with correct credential # src/test/java/feature/Login.feature:17

@regression
Scenario Outline: Successful login with correct credential       # src/test/java/feature/OrderCard.feature:17
      java.lang.NumberFormatException: null
	at java.base/java.lang.Long.parseLong(Long.java:655)
	at java.base/java.lang.Long.parseLong(Long.java:817)
	at driverGenerator.WebDriverGenerator.<init>(WebDriverGenerator.java:50)
	at hook.Hook.beforeScenario(Hook.java:54)

  Given user opens landing page                                  # null
  When user navigates to login page                              # null
  When user enters "wdbian@hotmail.com" in Email input           # null
  And user enters "Bwd@750829" in Password input                 # null
  And user clicks SignIn button                                  # null
  And user clicks order physical card button from dashboard page # null
  Then validate add to cart button is displayed                  # null
      java.lang.NumberFormatException: null
	at java.base/java.lang.Long.parseLong(Long.java:655)
	at java.base/java.lang.Long.parseLong(Long.java:817)
	at driverGenerator.WebDriverGenerator.<init>(WebDriverGenerator.java:50)
	at hook.Hook.beforeScenario(Hook.java:54)

  Given user opens landing page                            # null
  When user navigates to login page                        # null
  When user enters "wdbian@hotmail.com" in Email input     # null
  And user enters "Bwd@750829" in Password input           # null
  And user clicks SignIn button                            # null
  Then validate user product size is correct               # null
  And validate user name is displayed correctly            # null
      java.lang.NullPointerException
	at utility.WebUtil.getScreenshot(WebUtil.java:33)
	at hook.Hook.afterScenario(Hook.java:80)

      java.lang.NullPointerException
	at utility.WebUtil.getScreenshot(WebUtil.java:33)
	at hook.Hook.afterScenario(Hook.java:80)

]]></system-out>
    <system-err><![CDATA[Dec 11, 2025 12:13:01 AM org.openqa.selenium.devtools.CdpVersionFinder findNearestMatch
WARNING: Unable to find an exact match for CDP version 142, returning the closest version; found: 139; Please update to a Selenium version that supports CDP version 142
Dec 11, 2025 12:13:01 AM org.openqa.selenium.devtools.CdpVersionFinder findNearestMatch
WARNING: Unable to find an exact match for CDP version 142, returning the closest version; found: 139; Please update to a Selenium version that supports CDP version 142
]]></system-err>
  </testcase>
  <testcase name="runScenario[&quot;Successful login with correct credential&quot;, &quot;Optional[Order Card]&quot;](2)" classname="runner.TestRunner" time="8.499">
    <failure message="null" type="java.lang.NumberFormatException"><![CDATA[java.lang.NumberFormatException: null
	at java.base/java.lang.Long.parseLong(Long.java:655)
	at java.base/java.lang.Long.parseLong(Long.java:817)
	at driverGenerator.WebDriverGenerator.<init>(WebDriverGenerator.java:50)
	at hook.Hook.beforeScenario(Hook.java:54)
]]></failure>
  </testcase>
</testsuite>