<?xml version="1.0" encoding="UTF-8"?>
<!-- Generated by org.testng.reporters.JUnitReportReporter -->
<testsuite hostname="DESKTOP-VTFEK2Q" failures="0" tests="2" name="runner.TestRunner" time="16.957" errors="2" timestamp="2025-12-11T00:13:01 EST" skipped="0">
  <testcase classname="runner.TestRunner" name="runScenario" time="8.480">
    <error message="null" type="java.lang.NumberFormatException">
      <![CDATA[java.lang.NumberFormatException: null
at java.base/java.lang.Long.parseLong(Long.java:655)
at java.base/java.lang.Long.parseLong(Long.java:817)
at driverGenerator.WebDriverGenerator.<init>(WebDriverGenerator.java:50)
at hook.Hook.beforeScenario(Hook.java:54)
]]>
    </error>
  </testcase> <!-- runScenario -->
  <testcase classname="runner.TestRunner" name="runScenario" time="8.477">
    <error message="null" type="java.lang.NumberFormatException">
      <![CDATA[java.lang.NumberFormatException: null
at java.base/java.lang.Long.parseLong(Long.java:655)
at java.base/java.lang.Long.parseLong(Long.java:817)
at driverGenerator.WebDriverGenerator.<init>(WebDriverGenerator.java:50)
at hook.Hook.beforeScenario(Hook.java:54)
]]>
    </error>
  </testcase> <!-- runScenario -->
</testsuite> <!-- runner.TestRunner -->
